Build started 20/10/2023 19:04:55.
Logging verbosity is set to: Normal.     1>Project "C:\Users\david\Documents\Trackers\CrispyTracker\CrispyTracker-main\CrispyTrackerProject\CrispyTracker\CrispyTracker.vcxproj" on node 2 (Build target(s)).
     1>InitializeBuildStatus:
         Creating "x64\Release\CrispyTracker.tlog\unsuccessfulbuild" because "AlwaysCreate" was specified.
       ClCompile:
         C:\Program Files\Microsoft Visual Studio\2022\Community\VC\Tools\MSVC\14.32.31326\bin\HostX64\x64\CL.exe /c /I"C:\Users\david\Documents\Trackers\CrispyTracker\CrispyTracker-main\CrispyTrackerProject\CrispyTracker\Libraries\SDL2\include" /I"C:\Users\david\Documents\Trackers\CrispyTracker\CrispyTracker-main\CrispyTrackerProject\CrispyTracker\Libraries\imgui" /I"C:\Users\david\Documents\Trackers\CrispyTracker\CrispyTracker-main\CrispyTrackerProject\CrispyTracker\Libraries\ImGuiFileDialog-0.6.5" /I"C:\Users\david\Documents\Trackers\CrispyTracker\CrispyTracker-main\CrispyTrackerProject\CrispyTracker\Libraries\libsndfile\include" /Zi /nologo /W3 /WX- /diagnostics:column /sdl /O2 /Oi /GL /D NDEBUG /D _CONSOLE /D _UNICODE /D UNICODE /Gm- /EHsc /MD /GS /Gy /fp:precise /Zc:wchar_t /Zc:forScope /Zc:inline /permissive- /Fo"x64\Release\\" /Fd"x64\Release\vc143.pdb" /external:W3 /Gd /TP /FC /errorReport:prompt Tracker.cpp
         Tracker.cpp
     1>C:\Users\david\Documents\Trackers\CrispyTracker\CrispyTracker-main\CrispyTrackerProject\CrispyTracker\Tracker.h(190,23): warning C4305: 'argument': truncation from 'double' to 'float'
     1>C:\Users\david\Documents\Trackers\CrispyTracker\CrispyTracker-main\CrispyTrackerProject\CrispyTracker\Tracker.cpp(37,16): warning C4267: '=': conversion from 'size_t' to 'int', possible loss of data
     1>C:\Users\david\Documents\Trackers\CrispyTracker\CrispyTracker-main\CrispyTrackerProject\CrispyTracker\Tracker.cpp(59,21): warning C4305: '=': truncation from 'int' to 'Uint8'
     1>C:\Users\david\Documents\Trackers\CrispyTracker\CrispyTracker-main\CrispyTrackerProject\CrispyTracker\Tracker.cpp(59,17): warning C4309: '=': truncation of constant value
     1>C:\Users\david\Documents\Trackers\CrispyTracker\CrispyTracker-main\CrispyTrackerProject\CrispyTracker\Tracker.cpp(74,21): warning C4244: '=': conversion from 'int' to 'float', possible loss of data
     1>C:\Users\david\Documents\Trackers\CrispyTracker\CrispyTracker-main\CrispyTrackerProject\CrispyTracker\Tracker.cpp(75,21): warning C4244: '=': conversion from 'int' to 'float', possible loss of data
     1>C:\Users\david\Documents\Trackers\CrispyTracker\CrispyTracker-main\CrispyTrackerProject\CrispyTracker\Tracker.cpp(101,64): warning C4244: 'argument': conversion from 'const int' to 'float', possible loss of data
     1>C:\Users\david\Documents\Trackers\CrispyTracker\CrispyTracker-main\CrispyTrackerProject\CrispyTracker\Tracker.cpp(102,69): warning C4244: 'argument': conversion from 'const int' to 'float', possible loss of data
     1>C:\Users\david\Documents\Trackers\CrispyTracker\CrispyTracker-main\CrispyTrackerProject\CrispyTracker\Tracker.cpp(148,16): warning C4244: 'argument': conversion from 'float' to 'Uint32', possible loss of data
     1>C:\Users\david\Documents\Trackers\CrispyTracker\CrispyTracker-main\CrispyTrackerProject\CrispyTracker\Tracker.cpp(272,41): warning C4244: 'argument': conversion from 'const int' to 'float', possible loss of data
     1>C:\Users\david\Documents\Trackers\CrispyTracker\CrispyTracker-main\CrispyTrackerProject\CrispyTracker\Tracker.cpp(272,26): warning C4244: 'argument': conversion from 'const int' to 'float', possible loss of data
     1>C:\Users\david\Documents\Trackers\CrispyTracker\CrispyTracker-main\CrispyTrackerProject\CrispyTracker\Tracker.cpp(294,41): warning C4244: 'argument': conversion from 'const int' to 'float', possible loss of data
     1>C:\Users\david\Documents\Trackers\CrispyTracker\CrispyTracker-main\CrispyTrackerProject\CrispyTracker\Tracker.cpp(294,26): warning C4244: 'argument': conversion from 'const int' to 'float', possible loss of data
     1>C:\Users\david\Documents\Trackers\CrispyTracker\CrispyTracker-main\CrispyTrackerProject\CrispyTracker\Tracker.cpp(314,41): warning C4244: 'argument': conversion from 'const int' to 'float', possible loss of data
     1>C:\Users\david\Documents\Trackers\CrispyTracker\CrispyTracker-main\CrispyTrackerProject\CrispyTracker\Tracker.cpp(314,26): warning C4244: 'argument': conversion from 'const int' to 'float', possible loss of data
     1>C:\Users\david\Documents\Trackers\CrispyTracker\CrispyTracker-main\CrispyTrackerProject\CrispyTracker\Tracker.cpp(347,44): warning C4244: 'argument': conversion from 'double' to 'float', possible loss of data
     1>C:\Users\david\Documents\Trackers\CrispyTracker\CrispyTracker-main\CrispyTrackerProject\CrispyTracker\Tracker.cpp(350,27): warning C4267: 'initializing': conversion from 'size_t' to 'int', possible loss of data
     1>C:\Users\david\Documents\Trackers\CrispyTracker\CrispyTracker-main\CrispyTrackerProject\CrispyTracker\Tracker.cpp(355,48): warning C4244: 'argument': conversion from 'double' to 'float', possible loss of data
     1>C:\Users\david\Documents\Trackers\CrispyTracker\CrispyTracker-main\CrispyTrackerProject\CrispyTracker\Tracker.cpp(368,46): warning C4244: 'argument': conversion from 'double' to 'float', possible loss of data
     1>C:\Users\david\Documents\Trackers\CrispyTracker\CrispyTracker-main\CrispyTrackerProject\CrispyTracker\Tracker.cpp(370,27): warning C4267: 'initializing': conversion from 'size_t' to 'int', possible loss of data
     1>C:\Users\david\Documents\Trackers\CrispyTracker\CrispyTracker-main\CrispyTrackerProject\CrispyTracker\Tracker.cpp(380,66): warning C4244: 'argument': conversion from 'double' to 'float', possible loss of data
     1>C:\Users\david\Documents\Trackers\CrispyTracker\CrispyTracker-main\CrispyTrackerProject\CrispyTracker\Tracker.cpp(396,32): warning C4267: '=': conversion from 'size_t' to 'int', possible loss of data
     1>C:\Users\david\Documents\Trackers\CrispyTracker\CrispyTracker-main\CrispyTrackerProject\CrispyTracker\Tracker.cpp(419,50): warning C4244: 'argument': conversion from 'double' to 'float', possible loss of data
     1>C:\Users\david\Documents\Trackers\CrispyTracker\CrispyTracker-main\CrispyTrackerProject\CrispyTracker\Tracker.cpp(433,98): warning C4244: 'argument': conversion from 'const int' to 'float', possible loss of data
     1>C:\Users\david\Documents\Trackers\CrispyTracker\CrispyTracker-main\CrispyTrackerProject\CrispyTracker\Tracker.cpp(433,90): warning C4244: 'argument': conversion from 'double' to 'float', possible loss of data
     1>C:\Users\david\Documents\Trackers\CrispyTracker\CrispyTracker-main\CrispyTrackerProject\CrispyTracker\Tracker.cpp(450,50): warning C4244: 'argument': conversion from 'double' to 'float', possible loss of data
     1>C:\Users\david\Documents\Trackers\CrispyTracker\CrispyTracker-main\CrispyTrackerProject\CrispyTracker\Tracker.cpp(478,46): warning C4838: conversion from 'int' to 'float' requires a narrowing conversion
     1>C:\Users\david\Documents\Trackers\CrispyTracker\CrispyTracker-main\CrispyTrackerProject\CrispyTracker\Tracker.cpp(478,46): warning C4244: 'initializing': conversion from 'int' to 'float', possible loss of data
     1>C:\Users\david\Documents\Trackers\CrispyTracker\CrispyTracker-main\CrispyTrackerProject\CrispyTracker\Tracker.cpp(478,74): warning C4838: conversion from 'int' to 'float' requires a narrowing conversion
     1>C:\Users\david\Documents\Trackers\CrispyTracker\CrispyTracker-main\CrispyTrackerProject\CrispyTracker\Tracker.cpp(478,74): warning C4244: 'initializing': conversion from 'int' to 'float', possible loss of data
     1>C:\Users\david\Documents\Trackers\CrispyTracker\CrispyTracker-main\CrispyTrackerProject\CrispyTracker\Tracker.cpp(478,101): warning C4838: conversion from 'int' to 'float' requires a narrowing conversion
     1>C:\Users\david\Documents\Trackers\CrispyTracker\CrispyTracker-main\CrispyTrackerProject\CrispyTracker\Tracker.cpp(478,101): warning C4244: 'initializing': conversion from 'int' to 'float', possible loss of data
     1>C:\Users\david\Documents\Trackers\CrispyTracker\CrispyTracker-main\CrispyTrackerProject\CrispyTracker\Tracker.cpp(478,130): warning C4838: conversion from 'int' to 'float' requires a narrowing conversion
     1>C:\Users\david\Documents\Trackers\CrispyTracker\CrispyTracker-main\CrispyTrackerProject\CrispyTracker\Tracker.cpp(478,130): warning C4244: 'initializing': conversion from 'int' to 'float', possible loss of data
     1>C:\Users\david\Documents\Trackers\CrispyTracker\CrispyTracker-main\CrispyTrackerProject\CrispyTracker\Tracker.cpp(525,44): warning C4244: 'argument': conversion from 'double' to 'float', possible loss of data
     1>C:\Users\david\Documents\Trackers\CrispyTracker\CrispyTracker-main\CrispyTrackerProject\CrispyTracker\Tracker.cpp(479,13): warning C4101: 'PlotBuff': unreferenced local variable
     1>C:\Users\david\Documents\Trackers\CrispyTracker\CrispyTracker-main\CrispyTrackerProject\CrispyTracker\Tracker.cpp(548,74): warning C4244: 'argument': conversion from 'double' to 'float', possible loss of data
     1>C:\Users\david\Documents\Trackers\CrispyTracker\CrispyTracker-main\CrispyTrackerProject\CrispyTracker\Tracker.cpp(550,64): warning C4244: 'argument': conversion from 'int' to 'float', possible loss of data
     1>C:\Users\david\Documents\Trackers\CrispyTracker\CrispyTracker-main\CrispyTrackerProject\CrispyTracker\Tracker.cpp(548,94): warning C4390: ';': empty controlled statement found; is this the intent?
     1>C:\Users\david\Documents\Trackers\CrispyTracker\CrispyTracker-main\CrispyTrackerProject\CrispyTracker\Tracker.cpp(687,45): warning C4244: 'argument': conversion from 'double' to 'float', possible loss of data
     1>C:\Users\david\Documents\Trackers\CrispyTracker\CrispyTracker-main\CrispyTrackerProject\CrispyTracker\Tracker.cpp(692,48): warning C4244: 'argument': conversion from 'double' to 'float', possible loss of data
     1>C:\Users\david\Documents\Trackers\CrispyTracker\CrispyTracker-main\CrispyTrackerProject\CrispyTracker\Tracker.cpp(706,46): warning C4244: 'argument': conversion from 'double' to 'float', possible loss of data
     1>C:\Users\david\Documents\Trackers\CrispyTracker\CrispyTracker-main\CrispyTrackerProject\CrispyTracker\Tracker.cpp(708,30): warning C4267: 'initializing': conversion from 'size_t' to 'int', possible loss of data
     1>C:\Users\david\Documents\Trackers\CrispyTracker\CrispyTracker-main\CrispyTrackerProject\CrispyTracker\Tracker.cpp(718,70): warning C4244: 'argument': conversion from 'double' to 'float', possible loss of data
     1>C:\Users\david\Documents\Trackers\CrispyTracker\CrispyTracker-main\CrispyTrackerProject\CrispyTracker\Tracker.cpp(734,41): warning C4267: '=': conversion from 'size_t' to 'int', possible loss of data
     1>C:\Users\david\Documents\Trackers\CrispyTracker\CrispyTracker-main\CrispyTrackerProject\CrispyTracker\Tracker.cpp(757,40): warning C4267: '=': conversion from 'size_t' to 'int', possible loss of data
     1>C:\Users\david\Documents\Trackers\CrispyTracker\CrispyTracker-main\CrispyTrackerProject\CrispyTracker\Tracker.cpp(759,77): warning C4244: 'argument': conversion from 'double' to 'float', possible loss of data
     1>C:\Users\david\Documents\Trackers\CrispyTracker\CrispyTracker-main\CrispyTrackerProject\CrispyTracker\Tracker.cpp(759,52): warning C4244: 'argument': conversion from 'double' to 'float', possible loss of data
     1>C:\Users\david\Documents\Trackers\CrispyTracker\CrispyTracker-main\CrispyTrackerProject\CrispyTracker\Tracker.cpp(772,175): warning C4244: 'argument': conversion from 'double' to 'float', possible loss of data
     1>C:\Users\david\Documents\Trackers\CrispyTracker\CrispyTracker-main\CrispyTrackerProject\CrispyTracker\Tracker.cpp(772,150): warning C4244: 'argument': conversion from 'double' to 'float', possible loss of data
     1>C:\Users\david\Documents\Trackers\CrispyTracker\CrispyTracker-main\CrispyTrackerProject\CrispyTracker\Tracker.cpp(772,181): warning C4267: 'argument': conversion from 'size_t' to 'int', possible loss of data
     1>C:\Users\david\Documents\Trackers\CrispyTracker\CrispyTracker-main\CrispyTrackerProject\CrispyTracker\Tracker.cpp(773,44): warning C4244: 'argument': conversion from 'double' to 'float', possible loss of data
     1>C:\Users\david\Documents\Trackers\CrispyTracker\CrispyTracker-main\CrispyTrackerProject\CrispyTracker\Tracker.cpp(853,110): warning C4244: 'argument': conversion from 'double' to 'float', possible loss of data
     1>C:\Users\david\Documents\Trackers\CrispyTracker\CrispyTracker-main\CrispyTrackerProject\CrispyTracker\Tracker.cpp(853,84): warning C4244: 'argument': conversion from 'double' to 'float', possible loss of data
     1>C:\Users\david\Documents\Trackers\CrispyTracker\CrispyTracker-main\CrispyTrackerProject\CrispyTracker\Tracker.cpp(879,44): warning C4244: 'argument': conversion from 'double' to 'float', possible loss of data
     1>C:\Users\david\Documents\Trackers\CrispyTracker\CrispyTracker-main\CrispyTrackerProject\CrispyTracker\Tracker.cpp(1113,21): warning C4244: 'initializing': conversion from 'sf_count_t' to 'Uint32', possible loss of data
     1>C:\Users\david\Documents\Trackers\CrispyTracker\CrispyTracker-main\CrispyTrackerProject\CrispyTracker\Tracker.cpp(1146,37): warning C4267: '=': conversion from 'size_t' to 'int', possible loss of data
     1>C:\Users\david\Documents\Trackers\CrispyTracker\CrispyTracker-main\CrispyTrackerProject\CrispyTracker\Tracker.cpp(1175,19): warning C4244: 'initializing': conversion from 'sf_count_t' to 'int', possible loss of data
       Link:
         C:\Program Files\Microsoft Visual Studio\2022\Community\VC\Tools\MSVC\14.32.31326\bin\HostX64\x64\link.exe /ERRORREPORT:PROMPT /OUT:"C:\Users\david\Documents\Trackers\CrispyTracker\CrispyTracker-main\CrispyTrackerProject\CrispyTracker\x64\Release\CrispyTracker.exe" /INCREMENTAL:NO /NOLOGO /LIBPATH:"C:\Users\david\Documents\Trackers\CrispyTracker\CrispyTracker-main\CrispyTrackerProject\CrispyTracker\Libraries\SDL2\lib\x64" /LIBPATH:"C:\Users\david\Documents\Trackers\CrispyTracker\CrispyTracker-main\CrispyTrackerProject\CrispyTracker\Libraries\imgui" /LIBPATH:"C:\Users\david\Documents\Trackers\CrispyTracker\CrispyTracker-main\CrispyTrackerProject\CrispyTracker\Libraries\imgui\backends" /LIBPATH:"C:\Users\david\Documents\Trackers\CrispyTracker\CrispyTracker-main\CrispyTrackerProject\CrispyTracker\Libraries\ImGuiFileDialog-0.6.5" /LIBPATH:"C:\Users\david\Documents\Trackers\CrispyTracker\CrispyTracker-main\CrispyTrackerProject\CrispyTracker\Libraries\libsndfile\lib" SDL2.lib SDL2main.lib sndfile.lib kernel32.lib user32.lib gdi32.lib winspool.lib comdlg32.lib advapi32.lib shell32.lib ole32.lib oleaut32.lib uuid.lib odbc32.lib odbccp32.lib /MANIFEST /MANIFESTUAC:"level='asInvoker' uiAccess='false'" /manifest:embed /DEBUG /PDB:"C:\Users\david\Documents\Trackers\CrispyTracker\CrispyTracker-main\CrispyTrackerProject\CrispyTracker\x64\Release\CrispyTracker.pdb" /SUBSYSTEM:CONSOLE /OPT:REF /OPT:ICF /LTCG:incremental /LTCGOUT:"x64\Release\CrispyTracker.iobj" /TLBID:1 /DYNAMICBASE /NXCOMPAT /IMPLIB:"C:\Users\david\Documents\Trackers\CrispyTracker\CrispyTracker-main\CrispyTrackerProject\CrispyTracker\x64\Release\CrispyTracker.lib" /MACHINE:X64 x64\Release\imgui_impl_sdl2.obj
         x64\Release\Channel.obj
         x64\Release\Instrument.obj
         x64\Release\ImGuiFileDialog.obj
         x64\Release\imgui_impl_opengl3.obj
         x64\Release\imgui.obj
         x64\Release\imgui_demo.obj
         x64\Release\imgui_draw.obj
         x64\Release\imgui_tables.obj
         x64\Release\imgui_widgets.obj
         x64\Release\Patterns.obj
         x64\Release\SoundGenerator.obj
         x64\Release\Source.obj
         x64\Release\Tracker.obj
            Creating library C:\Users\david\Documents\Trackers\CrispyTracker\CrispyTracker-main\CrispyTrackerProject\CrispyTracker\x64\Release\CrispyTracker.lib and object C:\Users\david\Documents\Trackers\CrispyTracker\CrispyTracker-main\CrispyTrackerProject\CrispyTracker\x64\Release\CrispyTracker.exp
         Generating code
         2 of 4764 functions (<0.1%) were compiled, the rest were copied from previous compilation.
           0 functions were new in current compilation
           47 functions had inline decision re-evaluated but remain unchanged
         Finished generating code
         CrispyTracker.vcxproj -> C:\Users\david\Documents\Trackers\CrispyTracker\CrispyTracker-main\CrispyTrackerProject\CrispyTracker\x64\Release\CrispyTracker.exe
       FinalizeBuildStatus:
         Deleting file "x64\Release\CrispyTracker.tlog\unsuccessfulbuild".
         Touching "x64\Release\CrispyTracker.tlog\CrispyTracker.lastbuildstate".
     1>Done Building Project "C:\Users\david\Documents\Trackers\CrispyTracker\CrispyTracker-main\CrispyTrackerProject\CrispyTracker\CrispyTracker.vcxproj" (Build target(s)).

Build succeeded.

       "C:\Users\david\Documents\Trackers\CrispyTracker\CrispyTracker-main\CrispyTrackerProject\CrispyTracker\CrispyTracker.vcxproj" (Build target) (1) ->
       (ClCompile target) -> 
         C:\Users\david\Documents\Trackers\CrispyTracker\CrispyTracker-main\CrispyTrackerProject\CrispyTracker\Tracker.h(190,23): warning C4305: 'argument': truncation from 'double' to 'float'
         C:\Users\david\Documents\Trackers\CrispyTracker\CrispyTracker-main\CrispyTrackerProject\CrispyTracker\Tracker.cpp(37,16): warning C4267: '=': conversion from 'size_t' to 'int', possible loss of data
         C:\Users\david\Documents\Trackers\CrispyTracker\CrispyTracker-main\CrispyTrackerProject\CrispyTracker\Tracker.cpp(59,21): warning C4305: '=': truncation from 'int' to 'Uint8'
         C:\Users\david\Documents\Trackers\CrispyTracker\CrispyTracker-main\CrispyTrackerProject\CrispyTracker\Tracker.cpp(59,17): warning C4309: '=': truncation of constant value
         C:\Users\david\Documents\Trackers\CrispyTracker\CrispyTracker-main\CrispyTrackerProject\CrispyTracker\Tracker.cpp(74,21): warning C4244: '=': conversion from 'int' to 'float', possible loss of data
         C:\Users\david\Documents\Trackers\CrispyTracker\CrispyTracker-main\CrispyTrackerProject\CrispyTracker\Tracker.cpp(75,21): warning C4244: '=': conversion from 'int' to 'float', possible loss of data
         C:\Users\david\Documents\Trackers\CrispyTracker\CrispyTracker-main\CrispyTrackerProject\CrispyTracker\Tracker.cpp(101,64): warning C4244: 'argument': conversion from 'const int' to 'float', possible loss of data
         C:\Users\david\Documents\Trackers\CrispyTracker\CrispyTracker-main\CrispyTrackerProject\CrispyTracker\Tracker.cpp(102,69): warning C4244: 'argument': conversion from 'const int' to 'float', possible loss of data
         C:\Users\david\Documents\Trackers\CrispyTracker\CrispyTracker-main\CrispyTrackerProject\CrispyTracker\Tracker.cpp(148,16): warning C4244: 'argument': conversion from 'float' to 'Uint32', possible loss of data
         C:\Users\david\Documents\Trackers\CrispyTracker\CrispyTracker-main\CrispyTrackerProject\CrispyTracker\Tracker.cpp(272,41): warning C4244: 'argument': conversion from 'const int' to 'float', possible loss of data
         C:\Users\david\Documents\Trackers\CrispyTracker\CrispyTracker-main\CrispyTrackerProject\CrispyTracker\Tracker.cpp(272,26): warning C4244: 'argument': conversion from 'const int' to 'float', possible loss of data
         C:\Users\david\Documents\Trackers\CrispyTracker\CrispyTracker-main\CrispyTrackerProject\CrispyTracker\Tracker.cpp(294,41): warning C4244: 'argument': conversion from 'const int' to 'float', possible loss of data
         C:\Users\david\Documents\Trackers\CrispyTracker\CrispyTracker-main\CrispyTrackerProject\CrispyTracker\Tracker.cpp(294,26): warning C4244: 'argument': conversion from 'const int' to 'float', possible loss of data
         C:\Users\david\Documents\Trackers\CrispyTracker\CrispyTracker-main\CrispyTrackerProject\CrispyTracker\Tracker.cpp(314,41): warning C4244: 'argument': conversion from 'const int' to 'float', possible loss of data
         C:\Users\david\Documents\Trackers\CrispyTracker\CrispyTracker-main\CrispyTrackerProject\CrispyTracker\Tracker.cpp(314,26): warning C4244: 'argument': conversion from 'const int' to 'float', possible loss of data
         C:\Users\david\Documents\Trackers\CrispyTracker\CrispyTracker-main\CrispyTrackerProject\CrispyTracker\Tracker.cpp(347,44): warning C4244: 'argument': conversion from 'double' to 'float', possible loss of data
         C:\Users\david\Documents\Trackers\CrispyTracker\CrispyTracker-main\CrispyTrackerProject\CrispyTracker\Tracker.cpp(350,27): warning C4267: 'initializing': conversion from 'size_t' to 'int', possible loss of data
         C:\Users\david\Documents\Trackers\CrispyTracker\CrispyTracker-main\CrispyTrackerProject\CrispyTracker\Tracker.cpp(355,48): warning C4244: 'argument': conversion from 'double' to 'float', possible loss of data
         C:\Users\david\Documents\Trackers\CrispyTracker\CrispyTracker-main\CrispyTrackerProject\CrispyTracker\Tracker.cpp(368,46): warning C4244: 'argument': conversion from 'double' to 'float', possible loss of data
         C:\Users\david\Documents\Trackers\CrispyTracker\CrispyTracker-main\CrispyTrackerProject\CrispyTracker\Tracker.cpp(370,27): warning C4267: 'initializing': conversion from 'size_t' to 'int', possible loss of data
         C:\Users\david\Documents\Trackers\CrispyTracker\CrispyTracker-main\CrispyTrackerProject\CrispyTracker\Tracker.cpp(380,66): warning C4244: 'argument': conversion from 'double' to 'float', possible loss of data
         C:\Users\david\Documents\Trackers\CrispyTracker\CrispyTracker-main\CrispyTrackerProject\CrispyTracker\Tracker.cpp(396,32): warning C4267: '=': conversion from 'size_t' to 'int', possible loss of data
         C:\Users\david\Documents\Trackers\CrispyTracker\CrispyTracker-main\CrispyTrackerProject\CrispyTracker\Tracker.cpp(419,50): warning C4244: 'argument': conversion from 'double' to 'float', possible loss of data
         C:\Users\david\Documents\Trackers\CrispyTracker\CrispyTracker-main\CrispyTrackerProject\CrispyTracker\Tracker.cpp(433,98): warning C4244: 'argument': conversion from 'const int' to 'float', possible loss of data
         C:\Users\david\Documents\Trackers\CrispyTracker\CrispyTracker-main\CrispyTrackerProject\CrispyTracker\Tracker.cpp(433,90): warning C4244: 'argument': conversion from 'double' to 'float', possible loss of data
         C:\Users\david\Documents\Trackers\CrispyTracker\CrispyTracker-main\CrispyTrackerProject\CrispyTracker\Tracker.cpp(450,50): warning C4244: 'argument': conversion from 'double' to 'float', possible loss of data
         C:\Users\david\Documents\Trackers\CrispyTracker\CrispyTracker-main\CrispyTrackerProject\CrispyTracker\Tracker.cpp(478,46): warning C4838: conversion from 'int' to 'float' requires a narrowing conversion
         C:\Users\david\Documents\Trackers\CrispyTracker\CrispyTracker-main\CrispyTrackerProject\CrispyTracker\Tracker.cpp(478,46): warning C4244: 'initializing': conversion from 'int' to 'float', possible loss of data
         C:\Users\david\Documents\Trackers\CrispyTracker\CrispyTracker-main\CrispyTrackerProject\CrispyTracker\Tracker.cpp(478,74): warning C4838: conversion from 'int' to 'float' requires a narrowing conversion
         C:\Users\david\Documents\Trackers\CrispyTracker\CrispyTracker-main\CrispyTrackerProject\CrispyTracker\Tracker.cpp(478,74): warning C4244: 'initializing': conversion from 'int' to 'float', possible loss of data
         C:\Users\david\Documents\Trackers\CrispyTracker\CrispyTracker-main\CrispyTrackerProject\CrispyTracker\Tracker.cpp(478,101): warning C4838: conversion from 'int' to 'float' requires a narrowing conversion
         C:\Users\david\Documents\Trackers\CrispyTracker\CrispyTracker-main\CrispyTrackerProject\CrispyTracker\Tracker.cpp(478,101): warning C4244: 'initializing': conversion from 'int' to 'float', possible loss of data
         C:\Users\david\Documents\Trackers\CrispyTracker\CrispyTracker-main\CrispyTrackerProject\CrispyTracker\Tracker.cpp(478,130): warning C4838: conversion from 'int' to 'float' requires a narrowing conversion
         C:\Users\david\Documents\Trackers\CrispyTracker\CrispyTracker-main\CrispyTrackerProject\CrispyTracker\Tracker.cpp(478,130): warning C4244: 'initializing': conversion from 'int' to 'float', possible loss of data
         C:\Users\david\Documents\Trackers\CrispyTracker\CrispyTracker-main\CrispyTrackerProject\CrispyTracker\Tracker.cpp(525,44): warning C4244: 'argument': conversion from 'double' to 'float', possible loss of data
         C:\Users\david\Documents\Trackers\CrispyTracker\CrispyTracker-main\CrispyTrackerProject\CrispyTracker\Tracker.cpp(479,13): warning C4101: 'PlotBuff': unreferenced local variable
         C:\Users\david\Documents\Trackers\CrispyTracker\CrispyTracker-main\CrispyTrackerProject\CrispyTracker\Tracker.cpp(548,74): warning C4244: 'argument': conversion from 'double' to 'float', possible loss of data
         C:\Users\david\Documents\Trackers\CrispyTracker\CrispyTracker-main\CrispyTrackerProject\CrispyTracker\Tracker.cpp(550,64): warning C4244: 'argument': conversion from 'int' to 'float', possible loss of data
         C:\Users\david\Documents\Trackers\CrispyTracker\CrispyTracker-main\CrispyTrackerProject\CrispyTracker\Tracker.cpp(548,94): warning C4390: ';': empty controlled statement found; is this the intent?
         C:\Users\david\Documents\Trackers\CrispyTracker\CrispyTracker-main\CrispyTrackerProject\CrispyTracker\Tracker.cpp(687,45): warning C4244: 'argument': conversion from 'double' to 'float', possible loss of data
         C:\Users\david\Documents\Trackers\CrispyTracker\CrispyTracker-main\CrispyTrackerProject\CrispyTracker\Tracker.cpp(692,48): warning C4244: 'argument': conversion from 'double' to 'float', possible loss of data
         C:\Users\david\Documents\Trackers\CrispyTracker\CrispyTracker-main\CrispyTrackerProject\CrispyTracker\Tracker.cpp(706,46): warning C4244: 'argument': conversion from 'double' to 'float', possible loss of data
         C:\Users\david\Documents\Trackers\CrispyTracker\CrispyTracker-main\CrispyTrackerProject\CrispyTracker\Tracker.cpp(708,30): warning C4267: 'initializing': conversion from 'size_t' to 'int', possible loss of data
         C:\Users\david\Documents\Trackers\CrispyTracker\CrispyTracker-main\CrispyTrackerProject\CrispyTracker\Tracker.cpp(718,70): warning C4244: 'argument': conversion from 'double' to 'float', possible loss of data
         C:\Users\david\Documents\Trackers\CrispyTracker\CrispyTracker-main\CrispyTrackerProject\CrispyTracker\Tracker.cpp(734,41): warning C4267: '=': conversion from 'size_t' to 'int', possible loss of data
         C:\Users\david\Documents\Trackers\CrispyTracker\CrispyTracker-main\CrispyTrackerProject\CrispyTracker\Tracker.cpp(757,40): warning C4267: '=': conversion from 'size_t' to 'int', possible loss of data
         C:\Users\david\Documents\Trackers\CrispyTracker\CrispyTracker-main\CrispyTrackerProject\CrispyTracker\Tracker.cpp(759,77): warning C4244: 'argument': conversion from 'double' to 'float', possible loss of data
         C:\Users\david\Documents\Trackers\CrispyTracker\CrispyTracker-main\CrispyTrackerProject\CrispyTracker\Tracker.cpp(759,52): warning C4244: 'argument': conversion from 'double' to 'float', possible loss of data
         C:\Users\david\Documents\Trackers\CrispyTracker\CrispyTracker-main\CrispyTrackerProject\CrispyTracker\Tracker.cpp(772,175): warning C4244: 'argument': conversion from 'double' to 'float', possible loss of data
         C:\Users\david\Documents\Trackers\CrispyTracker\CrispyTracker-main\CrispyTrackerProject\CrispyTracker\Tracker.cpp(772,150): warning C4244: 'argument': conversion from 'double' to 'float', possible loss of data
         C:\Users\david\Documents\Trackers\CrispyTracker\CrispyTracker-main\CrispyTrackerProject\CrispyTracker\Tracker.cpp(772,181): warning C4267: 'argument': conversion from 'size_t' to 'int', possible loss of data
         C:\Users\david\Documents\Trackers\CrispyTracker\CrispyTracker-main\CrispyTrackerProject\CrispyTracker\Tracker.cpp(773,44): warning C4244: 'argument': conversion from 'double' to 'float', possible loss of data
         C:\Users\david\Documents\Trackers\CrispyTracker\CrispyTracker-main\CrispyTrackerProject\CrispyTracker\Tracker.cpp(853,110): warning C4244: 'argument': conversion from 'double' to 'float', possible loss of data
         C:\Users\david\Documents\Trackers\CrispyTracker\CrispyTracker-main\CrispyTrackerProject\CrispyTracker\Tracker.cpp(853,84): warning C4244: 'argument': conversion from 'double' to 'float', possible loss of data
         C:\Users\david\Documents\Trackers\CrispyTracker\CrispyTracker-main\CrispyTrackerProject\CrispyTracker\Tracker.cpp(879,44): warning C4244: 'argument': conversion from 'double' to 'float', possible loss of data
         C:\Users\david\Documents\Trackers\CrispyTracker\CrispyTracker-main\CrispyTrackerProject\CrispyTracker\Tracker.cpp(1113,21): warning C4244: 'initializing': conversion from 'sf_count_t' to 'Uint32', possible loss of data
         C:\Users\david\Documents\Trackers\CrispyTracker\CrispyTracker-main\CrispyTrackerProject\CrispyTracker\Tracker.cpp(1146,37): warning C4267: '=': conversion from 'size_t' to 'int', possible loss of data
         C:\Users\david\Documents\Trackers\CrispyTracker\CrispyTracker-main\CrispyTrackerProject\CrispyTracker\Tracker.cpp(1175,19): warning C4244: 'initializing': conversion from 'sf_count_t' to 'int', possible loss of data

    58 Warning(s)
    0 Error(s)

Time Elapsed 00:00:02.74
