c:\users\david\documents\trackers\crispytracker\crispytracker-main\crispytrackerproject\crispytracker\x64\debug\vc143.pdb
c:\users\david\documents\trackers\crispytracker\crispytracker-main\crispytrackerproject\crispytracker\x64\debug\tracker.obj
c:\users\david\documents\trackers\crispytracker\crispytracker-main\crispytrackerproject\crispytracker\x64\debug\source.obj
c:\users\david\documents\trackers\crispytracker\crispytracker-main\crispytrackerproject\crispytracker\x64\debug\soundgenerator.obj
c:\users\david\documents\trackers\crispytracker\crispytracker-main\crispytrackerproject\crispytracker\x64\debug\patterns.obj
c:\users\david\documents\trackers\crispytracker\crispytracker-main\crispytrackerproject\crispytracker\x64\debug\imgui_widgets.obj
c:\users\david\documents\trackers\crispytracker\crispytracker-main\crispytrackerproject\crispytracker\x64\debug\imgui_tables.obj
c:\users\david\documents\trackers\crispytracker\crispytracker-main\crispytrackerproject\crispytracker\x64\debug\imgui_draw.obj
c:\users\david\documents\trackers\crispytracker\crispytracker-main\crispytrackerproject\crispytracker\x64\debug\imgui_demo.obj
c:\users\david\documents\trackers\crispytracker\crispytracker-main\crispytrackerproject\crispytracker\x64\debug\imgui.obj
c:\users\david\documents\trackers\crispytracker\crispytracker-main\crispytrackerproject\crispytracker\x64\debug\imgui_impl_opengl3.obj
c:\users\david\documents\trackers\crispytracker\crispytracker-main\crispytrackerproject\crispytracker\x64\debug\imguifiledialog.obj
c:\users\david\documents\trackers\crispytracker\crispytracker-main\crispytrackerproject\crispytracker\x64\debug\instrument.obj
c:\users\david\documents\trackers\crispytracker\crispytracker-main\crispytrackerproject\crispytracker\x64\debug\channel.obj
c:\users\david\documents\trackers\crispytracker\crispytracker-main\crispytrackerproject\crispytracker\x64\debug\imgui_impl_sdl2.obj
c:\users\david\documents\trackers\crispytracker\crispytracker-main\crispytrackerproject\crispytracker\x64\debug\imgui_impl_glfw.obj
c:\users\david\documents\trackers\crispytracker\crispytracker-main\crispytrackerproject\crispytracker\x64\debug\crispytracker.lib
c:\users\david\documents\trackers\crispytracker\crispytracker-main\crispytrackerproject\crispytracker\x64\debug\crispytracker.exp
c:\users\david\documents\trackers\crispytracker\crispytracker-main\crispytrackerproject\crispytracker\x64\debug\crispytracker.pdb
c:\users\david\documents\trackers\crispytracker\crispytracker-main\crispytrackerproject\crispytracker\x64\debug\crispytracker.tlog\cl.command.1.tlog
c:\users\david\documents\trackers\crispytracker\crispytracker-main\crispytrackerproject\crispytracker\x64\debug\crispytracker.tlog\cl.read.1.tlog
c:\users\david\documents\trackers\crispytracker\crispytracker-main\crispytrackerproject\crispytracker\x64\debug\crispytracker.tlog\cl.write.1.tlog
c:\users\david\documents\trackers\crispytracker\crispytracker-main\crispytrackerproject\crispytracker\x64\debug\crispytracker.tlog\crispytracker.write.1u.tlog
c:\users\david\documents\trackers\crispytracker\crispytracker-main\crispytrackerproject\crispytracker\x64\debug\crispytracker.tlog\link-cvtres.read.1.tlog
c:\users\david\documents\trackers\crispytracker\crispytracker-main\crispytrackerproject\crispytracker\x64\debug\crispytracker.tlog\link-cvtres.write.1.tlog
c:\users\david\documents\trackers\crispytracker\crispytracker-main\crispytrackerproject\crispytracker\x64\debug\crispytracker.tlog\link-rc.read.1.tlog
c:\users\david\documents\trackers\crispytracker\crispytracker-main\crispytrackerproject\crispytracker\x64\debug\crispytracker.tlog\link-rc.write.1.tlog
c:\users\david\documents\trackers\crispytracker\crispytracker-main\crispytrackerproject\crispytracker\x64\debug\crispytracker.tlog\link.2728-cvtres.read.1.tlog
c:\users\david\documents\trackers\crispytracker\crispytracker-main\crispytrackerproject\crispytracker\x64\debug\crispytracker.tlog\link.2728-cvtres.write.1.tlog
c:\users\david\documents\trackers\crispytracker\crispytracker-main\crispytrackerproject\crispytracker\x64\debug\crispytracker.tlog\link.2728-rc.read.1.tlog
c:\users\david\documents\trackers\crispytracker\crispytracker-main\crispytrackerproject\crispytracker\x64\debug\crispytracker.tlog\link.2728-rc.write.1.tlog
c:\users\david\documents\trackers\crispytracker\crispytracker-main\crispytrackerproject\crispytracker\x64\debug\crispytracker.tlog\link.2728.read.1.tlog
c:\users\david\documents\trackers\crispytracker\crispytracker-main\crispytrackerproject\crispytracker\x64\debug\crispytracker.tlog\link.2728.read.2.tlog
c:\users\david\documents\trackers\crispytracker\crispytracker-main\crispytrackerproject\crispytracker\x64\debug\crispytracker.tlog\link.2728.write.1.tlog
c:\users\david\documents\trackers\crispytracker\crispytracker-main\crispytrackerproject\crispytracker\x64\debug\crispytracker.tlog\link.command.1.tlog
c:\users\david\documents\trackers\crispytracker\crispytracker-main\crispytrackerproject\crispytracker\x64\debug\crispytracker.tlog\link.read.1.tlog
c:\users\david\documents\trackers\crispytracker\crispytracker-main\crispytrackerproject\crispytracker\x64\debug\crispytracker.tlog\link.read.2.tlog
c:\users\david\documents\trackers\crispytracker\crispytracker-main\crispytrackerproject\crispytracker\x64\debug\crispytracker.tlog\link.write.1.tlog
