Build started 10/11/2023 21:32:58.
Logging verbosity is set to: Normal.     1>Project "C:\Users\david\Documents\Trackers\CrispyTracker\CrispyTracker-main\CrispyTrackerProject\CrispyTracker\CrispyTracker.vcxproj" on node 2 (Build target(s)).
     1>InitializeBuildStatus:
         Touching "x64\Debug\CrispyTracker.tlog\unsuccessfulbuild".
       ClCompile:
         C:\Program Files\Microsoft Visual Studio\2022\Community\VC\Tools\MSVC\14.32.31326\bin\HostX64\x64\CL.exe /c /I"C:\Users\david\Documents\Trackers\CrispyTracker\CrispyTracker-main\CrispyTrackerProject\CrispyTracker\Libraries\SDL2\include" /I"C:\Users\david\Documents\Trackers\CrispyTracker\CrispyTracker-main\CrispyTrackerProject\CrispyTracker\Libraries\imgui" /I"C:\Users\david\Documents\Trackers\CrispyTracker\CrispyTracker-main\CrispyTrackerProject\CrispyTracker\Libraries\ImGuiFileDialog-0.6.5" /I"C:\Users\david\Documents\Trackers\CrispyTracker\CrispyTracker-main\CrispyTrackerProject\CrispyTracker\Libraries\libsndfile\include" /I"C:\Users\david\Documents\Trackers\CrispyTracker\CrispyTracker-main\CrispyTrackerProject\CrispyTracker\Libraries\glfw-3.3.8\glfw-3.3.8\include" /I"C:\Users\david\Documents\Trackers\CrispyTracker\CrispyTracker-main\CrispyTrackerProject\CrispyTracker\Libraries\opengl" /I"C:\Users\david\Documents\Trackers\CrispyTracker\CrispyTracker-main\CrispyTrackerProject\CrispyTracker\Libraries" /Zi /nologo /W3 /WX- /diagnostics:column /sdl /O2 /D _DEBUG /D _CONSOLE /D _UNICODE /D UNICODE /Gm- /EHsc /MTd /GS /fp:precise /Zc:wchar_t /Zc:forScope /Zc:inline /permissive- /Fo"x64\Debug\\" /Fd"x64\Debug\vc143.pdb" /external:W3 /Gd /TP /FC /errorReport:prompt Tracker.cpp
         Tracker.cpp
     1>C:\Users\david\Documents\Trackers\CrispyTracker\CrispyTracker-main\CrispyTrackerProject\CrispyTracker\Tracker.h(195,23): warning C4305: 'argument': truncation from 'double' to 'float'
     1>C:\Users\david\Documents\Trackers\CrispyTracker\CrispyTracker-main\CrispyTrackerProject\CrispyTracker\Tracker.cpp(37,16): warning C4267: '=': conversion from 'size_t' to 'int', possible loss of data
     1>C:\Users\david\Documents\Trackers\CrispyTracker\CrispyTracker-main\CrispyTrackerProject\CrispyTracker\Tracker.cpp(100,21): warning C4305: '=': truncation from 'int' to 'Uint8'
     1>C:\Users\david\Documents\Trackers\CrispyTracker\CrispyTracker-main\CrispyTrackerProject\CrispyTracker\Tracker.cpp(100,17): warning C4309: '=': truncation of constant value
     1>C:\Users\david\Documents\Trackers\CrispyTracker\CrispyTracker-main\CrispyTrackerProject\CrispyTracker\Tracker.cpp(131,21): warning C4244: '=': conversion from 'int' to 'float', possible loss of data
     1>C:\Users\david\Documents\Trackers\CrispyTracker\CrispyTracker-main\CrispyTrackerProject\CrispyTracker\Tracker.cpp(132,21): warning C4244: '=': conversion from 'int' to 'float', possible loss of data
     1>C:\Users\david\Documents\Trackers\CrispyTracker\CrispyTracker-main\CrispyTrackerProject\CrispyTracker\Tracker.cpp(144,62): warning C4244: 'argument': conversion from 'const int' to 'float', possible loss of data
     1>C:\Users\david\Documents\Trackers\CrispyTracker\CrispyTracker-main\CrispyTrackerProject\CrispyTracker\Tracker.cpp(145,67): warning C4244: 'argument': conversion from 'const int' to 'float', possible loss of data
     1>C:\Users\david\Documents\Trackers\CrispyTracker\CrispyTracker-main\CrispyTrackerProject\CrispyTracker\Tracker.cpp(322,41): warning C4244: 'argument': conversion from 'const int' to 'float', possible loss of data
     1>C:\Users\david\Documents\Trackers\CrispyTracker\CrispyTracker-main\CrispyTrackerProject\CrispyTracker\Tracker.cpp(322,26): warning C4244: 'argument': conversion from 'const int' to 'float', possible loss of data
     1>C:\Users\david\Documents\Trackers\CrispyTracker\CrispyTracker-main\CrispyTrackerProject\CrispyTracker\Tracker.cpp(344,41): warning C4244: 'argument': conversion from 'const int' to 'float', possible loss of data
     1>C:\Users\david\Documents\Trackers\CrispyTracker\CrispyTracker-main\CrispyTrackerProject\CrispyTracker\Tracker.cpp(344,26): warning C4244: 'argument': conversion from 'const int' to 'float', possible loss of data
     1>C:\Users\david\Documents\Trackers\CrispyTracker\CrispyTracker-main\CrispyTrackerProject\CrispyTracker\Tracker.cpp(364,41): warning C4244: 'argument': conversion from 'const int' to 'float', possible loss of data
     1>C:\Users\david\Documents\Trackers\CrispyTracker\CrispyTracker-main\CrispyTrackerProject\CrispyTracker\Tracker.cpp(364,26): warning C4244: 'argument': conversion from 'const int' to 'float', possible loss of data
     1>C:\Users\david\Documents\Trackers\CrispyTracker\CrispyTracker-main\CrispyTrackerProject\CrispyTracker\Tracker.cpp(397,44): warning C4244: 'argument': conversion from 'double' to 'float', possible loss of data
     1>C:\Users\david\Documents\Trackers\CrispyTracker\CrispyTracker-main\CrispyTrackerProject\CrispyTracker\Tracker.cpp(400,27): warning C4267: 'initializing': conversion from 'size_t' to 'int', possible loss of data
     1>C:\Users\david\Documents\Trackers\CrispyTracker\CrispyTracker-main\CrispyTrackerProject\CrispyTracker\Tracker.cpp(405,48): warning C4244: 'argument': conversion from 'double' to 'float', possible loss of data
     1>C:\Users\david\Documents\Trackers\CrispyTracker\CrispyTracker-main\CrispyTrackerProject\CrispyTracker\Tracker.cpp(418,46): warning C4244: 'argument': conversion from 'double' to 'float', possible loss of data
     1>C:\Users\david\Documents\Trackers\CrispyTracker\CrispyTracker-main\CrispyTrackerProject\CrispyTracker\Tracker.cpp(420,27): warning C4267: 'initializing': conversion from 'size_t' to 'int', possible loss of data
     1>C:\Users\david\Documents\Trackers\CrispyTracker\CrispyTracker-main\CrispyTrackerProject\CrispyTracker\Tracker.cpp(430,66): warning C4244: 'argument': conversion from 'double' to 'float', possible loss of data
     1>C:\Users\david\Documents\Trackers\CrispyTracker\CrispyTracker-main\CrispyTrackerProject\CrispyTracker\Tracker.cpp(446,32): warning C4267: '=': conversion from 'size_t' to 'int', possible loss of data
     1>C:\Users\david\Documents\Trackers\CrispyTracker\CrispyTracker-main\CrispyTrackerProject\CrispyTracker\Tracker.cpp(469,50): warning C4244: 'argument': conversion from 'double' to 'float', possible loss of data
     1>C:\Users\david\Documents\Trackers\CrispyTracker\CrispyTracker-main\CrispyTrackerProject\CrispyTracker\Tracker.cpp(483,98): warning C4244: 'argument': conversion from 'const int' to 'float', possible loss of data
     1>C:\Users\david\Documents\Trackers\CrispyTracker\CrispyTracker-main\CrispyTrackerProject\CrispyTracker\Tracker.cpp(483,90): warning C4244: 'argument': conversion from 'double' to 'float', possible loss of data
     1>C:\Users\david\Documents\Trackers\CrispyTracker\CrispyTracker-main\CrispyTrackerProject\CrispyTracker\Tracker.cpp(500,50): warning C4244: 'argument': conversion from 'double' to 'float', possible loss of data
     1>C:\Users\david\Documents\Trackers\CrispyTracker\CrispyTracker-main\CrispyTrackerProject\CrispyTracker\Tracker.cpp(528,46): warning C4838: conversion from 'int' to 'float' requires a narrowing conversion
     1>C:\Users\david\Documents\Trackers\CrispyTracker\CrispyTracker-main\CrispyTrackerProject\CrispyTracker\Tracker.cpp(528,46): warning C4244: 'initializing': conversion from 'int' to 'float', possible loss of data
     1>C:\Users\david\Documents\Trackers\CrispyTracker\CrispyTracker-main\CrispyTrackerProject\CrispyTracker\Tracker.cpp(528,74): warning C4838: conversion from 'int' to 'float' requires a narrowing conversion
     1>C:\Users\david\Documents\Trackers\CrispyTracker\CrispyTracker-main\CrispyTrackerProject\CrispyTracker\Tracker.cpp(528,74): warning C4244: 'initializing': conversion from 'int' to 'float', possible loss of data
     1>C:\Users\david\Documents\Trackers\CrispyTracker\CrispyTracker-main\CrispyTrackerProject\CrispyTracker\Tracker.cpp(528,101): warning C4838: conversion from 'int' to 'float' requires a narrowing conversion
     1>C:\Users\david\Documents\Trackers\CrispyTracker\CrispyTracker-main\CrispyTrackerProject\CrispyTracker\Tracker.cpp(528,101): warning C4244: 'initializing': conversion from 'int' to 'float', possible loss of data
     1>C:\Users\david\Documents\Trackers\CrispyTracker\CrispyTracker-main\CrispyTrackerProject\CrispyTracker\Tracker.cpp(528,130): warning C4838: conversion from 'int' to 'float' requires a narrowing conversion
     1>C:\Users\david\Documents\Trackers\CrispyTracker\CrispyTracker-main\CrispyTrackerProject\CrispyTracker\Tracker.cpp(528,130): warning C4244: 'initializing': conversion from 'int' to 'float', possible loss of data
     1>C:\Users\david\Documents\Trackers\CrispyTracker\CrispyTracker-main\CrispyTrackerProject\CrispyTracker\Tracker.cpp(575,44): warning C4244: 'argument': conversion from 'double' to 'float', possible loss of data
     1>C:\Users\david\Documents\Trackers\CrispyTracker\CrispyTracker-main\CrispyTrackerProject\CrispyTracker\Tracker.cpp(529,13): warning C4101: 'PlotBuff': unreferenced local variable
     1>C:\Users\david\Documents\Trackers\CrispyTracker\CrispyTracker-main\CrispyTrackerProject\CrispyTracker\Tracker.cpp(598,74): warning C4244: 'argument': conversion from 'double' to 'float', possible loss of data
     1>C:\Users\david\Documents\Trackers\CrispyTracker\CrispyTracker-main\CrispyTrackerProject\CrispyTracker\Tracker.cpp(600,64): warning C4244: 'argument': conversion from 'int' to 'float', possible loss of data
     1>C:\Users\david\Documents\Trackers\CrispyTracker\CrispyTracker-main\CrispyTrackerProject\CrispyTracker\Tracker.cpp(598,94): warning C4390: ';': empty controlled statement found; is this the intent?
     1>C:\Users\david\Documents\Trackers\CrispyTracker\CrispyTracker-main\CrispyTrackerProject\CrispyTracker\Tracker.cpp(737,45): warning C4244: 'argument': conversion from 'double' to 'float', possible loss of data
     1>C:\Users\david\Documents\Trackers\CrispyTracker\CrispyTracker-main\CrispyTrackerProject\CrispyTracker\Tracker.cpp(742,48): warning C4244: 'argument': conversion from 'double' to 'float', possible loss of data
     1>C:\Users\david\Documents\Trackers\CrispyTracker\CrispyTracker-main\CrispyTrackerProject\CrispyTracker\Tracker.cpp(756,46): warning C4244: 'argument': conversion from 'double' to 'float', possible loss of data
     1>C:\Users\david\Documents\Trackers\CrispyTracker\CrispyTracker-main\CrispyTrackerProject\CrispyTracker\Tracker.cpp(758,30): warning C4267: 'initializing': conversion from 'size_t' to 'int', possible loss of data
     1>C:\Users\david\Documents\Trackers\CrispyTracker\CrispyTracker-main\CrispyTrackerProject\CrispyTracker\Tracker.cpp(768,70): warning C4244: 'argument': conversion from 'double' to 'float', possible loss of data
     1>C:\Users\david\Documents\Trackers\CrispyTracker\CrispyTracker-main\CrispyTrackerProject\CrispyTracker\Tracker.cpp(784,41): warning C4267: '=': conversion from 'size_t' to 'int', possible loss of data
     1>C:\Users\david\Documents\Trackers\CrispyTracker\CrispyTracker-main\CrispyTrackerProject\CrispyTracker\Tracker.cpp(807,40): warning C4267: '=': conversion from 'size_t' to 'int', possible loss of data
     1>C:\Users\david\Documents\Trackers\CrispyTracker\CrispyTracker-main\CrispyTrackerProject\CrispyTracker\Tracker.cpp(809,77): warning C4244: 'argument': conversion from 'double' to 'float', possible loss of data
     1>C:\Users\david\Documents\Trackers\CrispyTracker\CrispyTracker-main\CrispyTrackerProject\CrispyTracker\Tracker.cpp(809,52): warning C4244: 'argument': conversion from 'double' to 'float', possible loss of data
     1>C:\Users\david\Documents\Trackers\CrispyTracker\CrispyTracker-main\CrispyTrackerProject\CrispyTracker\Tracker.cpp(822,175): warning C4244: 'argument': conversion from 'double' to 'float', possible loss of data
     1>C:\Users\david\Documents\Trackers\CrispyTracker\CrispyTracker-main\CrispyTrackerProject\CrispyTracker\Tracker.cpp(822,150): warning C4244: 'argument': conversion from 'double' to 'float', possible loss of data
     1>C:\Users\david\Documents\Trackers\CrispyTracker\CrispyTracker-main\CrispyTrackerProject\CrispyTracker\Tracker.cpp(822,181): warning C4267: 'argument': conversion from 'size_t' to 'int', possible loss of data
     1>C:\Users\david\Documents\Trackers\CrispyTracker\CrispyTracker-main\CrispyTrackerProject\CrispyTracker\Tracker.cpp(823,44): warning C4244: 'argument': conversion from 'double' to 'float', possible loss of data
     1>C:\Users\david\Documents\Trackers\CrispyTracker\CrispyTracker-main\CrispyTrackerProject\CrispyTracker\Tracker.cpp(903,110): warning C4244: 'argument': conversion from 'double' to 'float', possible loss of data
     1>C:\Users\david\Documents\Trackers\CrispyTracker\CrispyTracker-main\CrispyTrackerProject\CrispyTracker\Tracker.cpp(903,84): warning C4244: 'argument': conversion from 'double' to 'float', possible loss of data
     1>C:\Users\david\Documents\Trackers\CrispyTracker\CrispyTracker-main\CrispyTrackerProject\CrispyTracker\Tracker.cpp(929,44): warning C4244: 'argument': conversion from 'double' to 'float', possible loss of data
     1>C:\Users\david\Documents\Trackers\CrispyTracker\CrispyTracker-main\CrispyTrackerProject\CrispyTracker\Tracker.cpp(1163,21): warning C4244: 'initializing': conversion from 'sf_count_t' to 'Uint32', possible loss of data
     1>C:\Users\david\Documents\Trackers\CrispyTracker\CrispyTracker-main\CrispyTrackerProject\CrispyTracker\Tracker.cpp(1196,37): warning C4267: '=': conversion from 'size_t' to 'int', possible loss of data
     1>C:\Users\david\Documents\Trackers\CrispyTracker\CrispyTracker-main\CrispyTrackerProject\CrispyTracker\Tracker.cpp(1225,19): warning C4244: 'initializing': conversion from 'sf_count_t' to 'int', possible loss of data
       Link:
         C:\Program Files\Microsoft Visual Studio\2022\Community\VC\Tools\MSVC\14.32.31326\bin\HostX64\x64\link.exe /ERRORREPORT:PROMPT /OUT:"C:\Users\david\Documents\Trackers\CrispyTracker\CrispyTracker-main\CrispyTrackerProject\CrispyTracker\x64\Debug\CrispyTracker.exe" /INCREMENTAL /ILK:"x64\Debug\CrispyTracker.ilk" /NOLOGO /LIBPATH:"C:\Users\david\Documents\Trackers\CrispyTracker\CrispyTracker-main\CrispyTrackerProject\CrispyTracker\Libraries\SDL2\lib\x64" /LIBPATH:"C:\Users\david\Documents\Trackers\CrispyTracker\CrispyTracker-main\CrispyTrackerProject\CrispyTracker\Libraries\imgui" /LIBPATH:"C:\Users\david\Documents\Trackers\CrispyTracker\CrispyTracker-main\CrispyTrackerProject\CrispyTracker\Libraries\imgui\backends" /LIBPATH:"C:\Users\david\Documents\Trackers\CrispyTracker\CrispyTracker-main\CrispyTrackerProject\CrispyTracker\Libraries\ImGuiFileDialog-0.6.5" /LIBPATH:"C:\Users\david\Documents\Trackers\CrispyTracker\CrispyTracker-main\CrispyTrackerProject\CrispyTracker\Libraries\libsndfile\lib" /LIBPATH:"C:\Users\david\Documents\Trackers\CrispyTracker\CrispyTracker-main\CrispyTrackerProject\CrispyTracker\Libraries\glfw-3.3.8\glfw-3.3.8\lib-vc2022" /LIBPATH:"C:\Users\david\Documents\Trackers\CrispyTracker\CrispyTracker-main\CrispyTrackerProject\CrispyTracker\Libraries\opengl" SDL2.lib SDL2main.lib sndfile.lib glfw3_mt.lib glfw3dll.lib kernel32.lib user32.lib gdi32.lib winspool.lib comdlg32.lib advapi32.lib shell32.lib ole32.lib oleaut32.lib uuid.lib odbc32.lib odbccp32.lib /MANIFEST /MANIFESTUAC:"level='asInvoker' uiAccess='false'" /manifest:embed /DEBUG /PDB:"C:\Users\david\Documents\Trackers\CrispyTracker\CrispyTracker-main\CrispyTrackerProject\CrispyTracker\x64\Debug\CrispyTracker.pdb" /SUBSYSTEM:CONSOLE /TLBID:1 /DYNAMICBASE /NXCOMPAT /IMPLIB:"C:\Users\david\Documents\Trackers\CrispyTracker\CrispyTracker-main\CrispyTrackerProject\CrispyTracker\x64\Debug\CrispyTracker.lib" /MACHINE:X64 x64\Debug\imgui_impl_sdl2.obj
         x64\Debug\Channel.obj
         x64\Debug\Instrument.obj
         x64\Debug\ImGuiFileDialog.obj
         x64\Debug\imgui_impl_glfw.obj
         x64\Debug\imgui_impl_opengl3.obj
         x64\Debug\imgui.obj
         x64\Debug\imgui_demo.obj
         x64\Debug\imgui_draw.obj
         x64\Debug\imgui_tables.obj
         x64\Debug\imgui_widgets.obj
         x64\Debug\Patterns.obj
         x64\Debug\SoundGenerator.obj
         x64\Debug\Source.obj
         x64\Debug\Tracker.obj
         CrispyTracker.vcxproj -> C:\Users\david\Documents\Trackers\CrispyTracker\CrispyTracker-main\CrispyTrackerProject\CrispyTracker\x64\Debug\CrispyTracker.exe
       FinalizeBuildStatus:
         Deleting file "x64\Debug\CrispyTracker.tlog\unsuccessfulbuild".
         Touching "x64\Debug\CrispyTracker.tlog\CrispyTracker.lastbuildstate".
     1>Done Building Project "C:\Users\david\Documents\Trackers\CrispyTracker\CrispyTracker-main\CrispyTrackerProject\CrispyTracker\CrispyTracker.vcxproj" (Build target(s)).

Build succeeded.

       "C:\Users\david\Documents\Trackers\CrispyTracker\CrispyTracker-main\CrispyTrackerProject\CrispyTracker\CrispyTracker.vcxproj" (Build target) (1) ->
       (ClCompile target) -> 
         C:\Users\david\Documents\Trackers\CrispyTracker\CrispyTracker-main\CrispyTrackerProject\CrispyTracker\Tracker.h(195,23): warning C4305: 'argument': truncation from 'double' to 'float'
         C:\Users\david\Documents\Trackers\CrispyTracker\CrispyTracker-main\CrispyTrackerProject\CrispyTracker\Tracker.cpp(37,16): warning C4267: '=': conversion from 'size_t' to 'int', possible loss of data
         C:\Users\david\Documents\Trackers\CrispyTracker\CrispyTracker-main\CrispyTrackerProject\CrispyTracker\Tracker.cpp(100,21): warning C4305: '=': truncation from 'int' to 'Uint8'
         C:\Users\david\Documents\Trackers\CrispyTracker\CrispyTracker-main\CrispyTrackerProject\CrispyTracker\Tracker.cpp(100,17): warning C4309: '=': truncation of constant value
         C:\Users\david\Documents\Trackers\CrispyTracker\CrispyTracker-main\CrispyTrackerProject\CrispyTracker\Tracker.cpp(131,21): warning C4244: '=': conversion from 'int' to 'float', possible loss of data
         C:\Users\david\Documents\Trackers\CrispyTracker\CrispyTracker-main\CrispyTrackerProject\CrispyTracker\Tracker.cpp(132,21): warning C4244: '=': conversion from 'int' to 'float', possible loss of data
         C:\Users\david\Documents\Trackers\CrispyTracker\CrispyTracker-main\CrispyTrackerProject\CrispyTracker\Tracker.cpp(144,62): warning C4244: 'argument': conversion from 'const int' to 'float', possible loss of data
         C:\Users\david\Documents\Trackers\CrispyTracker\CrispyTracker-main\CrispyTrackerProject\CrispyTracker\Tracker.cpp(145,67): warning C4244: 'argument': conversion from 'const int' to 'float', possible loss of data
         C:\Users\david\Documents\Trackers\CrispyTracker\CrispyTracker-main\CrispyTrackerProject\CrispyTracker\Tracker.cpp(322,41): warning C4244: 'argument': conversion from 'const int' to 'float', possible loss of data
         C:\Users\david\Documents\Trackers\CrispyTracker\CrispyTracker-main\CrispyTrackerProject\CrispyTracker\Tracker.cpp(322,26): warning C4244: 'argument': conversion from 'const int' to 'float', possible loss of data
         C:\Users\david\Documents\Trackers\CrispyTracker\CrispyTracker-main\CrispyTrackerProject\CrispyTracker\Tracker.cpp(344,41): warning C4244: 'argument': conversion from 'const int' to 'float', possible loss of data
         C:\Users\david\Documents\Trackers\CrispyTracker\CrispyTracker-main\CrispyTrackerProject\CrispyTracker\Tracker.cpp(344,26): warning C4244: 'argument': conversion from 'const int' to 'float', possible loss of data
         C:\Users\david\Documents\Trackers\CrispyTracker\CrispyTracker-main\CrispyTrackerProject\CrispyTracker\Tracker.cpp(364,41): warning C4244: 'argument': conversion from 'const int' to 'float', possible loss of data
         C:\Users\david\Documents\Trackers\CrispyTracker\CrispyTracker-main\CrispyTrackerProject\CrispyTracker\Tracker.cpp(364,26): warning C4244: 'argument': conversion from 'const int' to 'float', possible loss of data
         C:\Users\david\Documents\Trackers\CrispyTracker\CrispyTracker-main\CrispyTrackerProject\CrispyTracker\Tracker.cpp(397,44): warning C4244: 'argument': conversion from 'double' to 'float', possible loss of data
         C:\Users\david\Documents\Trackers\CrispyTracker\CrispyTracker-main\CrispyTrackerProject\CrispyTracker\Tracker.cpp(400,27): warning C4267: 'initializing': conversion from 'size_t' to 'int', possible loss of data
         C:\Users\david\Documents\Trackers\CrispyTracker\CrispyTracker-main\CrispyTrackerProject\CrispyTracker\Tracker.cpp(405,48): warning C4244: 'argument': conversion from 'double' to 'float', possible loss of data
         C:\Users\david\Documents\Trackers\CrispyTracker\CrispyTracker-main\CrispyTrackerProject\CrispyTracker\Tracker.cpp(418,46): warning C4244: 'argument': conversion from 'double' to 'float', possible loss of data
         C:\Users\david\Documents\Trackers\CrispyTracker\CrispyTracker-main\CrispyTrackerProject\CrispyTracker\Tracker.cpp(420,27): warning C4267: 'initializing': conversion from 'size_t' to 'int', possible loss of data
         C:\Users\david\Documents\Trackers\CrispyTracker\CrispyTracker-main\CrispyTrackerProject\CrispyTracker\Tracker.cpp(430,66): warning C4244: 'argument': conversion from 'double' to 'float', possible loss of data
         C:\Users\david\Documents\Trackers\CrispyTracker\CrispyTracker-main\CrispyTrackerProject\CrispyTracker\Tracker.cpp(446,32): warning C4267: '=': conversion from 'size_t' to 'int', possible loss of data
         C:\Users\david\Documents\Trackers\CrispyTracker\CrispyTracker-main\CrispyTrackerProject\CrispyTracker\Tracker.cpp(469,50): warning C4244: 'argument': conversion from 'double' to 'float', possible loss of data
         C:\Users\david\Documents\Trackers\CrispyTracker\CrispyTracker-main\CrispyTrackerProject\CrispyTracker\Tracker.cpp(483,98): warning C4244: 'argument': conversion from 'const int' to 'float', possible loss of data
         C:\Users\david\Documents\Trackers\CrispyTracker\CrispyTracker-main\CrispyTrackerProject\CrispyTracker\Tracker.cpp(483,90): warning C4244: 'argument': conversion from 'double' to 'float', possible loss of data
         C:\Users\david\Documents\Trackers\CrispyTracker\CrispyTracker-main\CrispyTrackerProject\CrispyTracker\Tracker.cpp(500,50): warning C4244: 'argument': conversion from 'double' to 'float', possible loss of data
         C:\Users\david\Documents\Trackers\CrispyTracker\CrispyTracker-main\CrispyTrackerProject\CrispyTracker\Tracker.cpp(528,46): warning C4838: conversion from 'int' to 'float' requires a narrowing conversion
         C:\Users\david\Documents\Trackers\CrispyTracker\CrispyTracker-main\CrispyTrackerProject\CrispyTracker\Tracker.cpp(528,46): warning C4244: 'initializing': conversion from 'int' to 'float', possible loss of data
         C:\Users\david\Documents\Trackers\CrispyTracker\CrispyTracker-main\CrispyTrackerProject\CrispyTracker\Tracker.cpp(528,74): warning C4838: conversion from 'int' to 'float' requires a narrowing conversion
         C:\Users\david\Documents\Trackers\CrispyTracker\CrispyTracker-main\CrispyTrackerProject\CrispyTracker\Tracker.cpp(528,74): warning C4244: 'initializing': conversion from 'int' to 'float', possible loss of data
         C:\Users\david\Documents\Trackers\CrispyTracker\CrispyTracker-main\CrispyTrackerProject\CrispyTracker\Tracker.cpp(528,101): warning C4838: conversion from 'int' to 'float' requires a narrowing conversion
         C:\Users\david\Documents\Trackers\CrispyTracker\CrispyTracker-main\CrispyTrackerProject\CrispyTracker\Tracker.cpp(528,101): warning C4244: 'initializing': conversion from 'int' to 'float', possible loss of data
         C:\Users\david\Documents\Trackers\CrispyTracker\CrispyTracker-main\CrispyTrackerProject\CrispyTracker\Tracker.cpp(528,130): warning C4838: conversion from 'int' to 'float' requires a narrowing conversion
         C:\Users\david\Documents\Trackers\CrispyTracker\CrispyTracker-main\CrispyTrackerProject\CrispyTracker\Tracker.cpp(528,130): warning C4244: 'initializing': conversion from 'int' to 'float', possible loss of data
         C:\Users\david\Documents\Trackers\CrispyTracker\CrispyTracker-main\CrispyTrackerProject\CrispyTracker\Tracker.cpp(575,44): warning C4244: 'argument': conversion from 'double' to 'float', possible loss of data
         C:\Users\david\Documents\Trackers\CrispyTracker\CrispyTracker-main\CrispyTrackerProject\CrispyTracker\Tracker.cpp(529,13): warning C4101: 'PlotBuff': unreferenced local variable
         C:\Users\david\Documents\Trackers\CrispyTracker\CrispyTracker-main\CrispyTrackerProject\CrispyTracker\Tracker.cpp(598,74): warning C4244: 'argument': conversion from 'double' to 'float', possible loss of data
         C:\Users\david\Documents\Trackers\CrispyTracker\CrispyTracker-main\CrispyTrackerProject\CrispyTracker\Tracker.cpp(600,64): warning C4244: 'argument': conversion from 'int' to 'float', possible loss of data
         C:\Users\david\Documents\Trackers\CrispyTracker\CrispyTracker-main\CrispyTrackerProject\CrispyTracker\Tracker.cpp(598,94): warning C4390: ';': empty controlled statement found; is this the intent?
         C:\Users\david\Documents\Trackers\CrispyTracker\CrispyTracker-main\CrispyTrackerProject\CrispyTracker\Tracker.cpp(737,45): warning C4244: 'argument': conversion from 'double' to 'float', possible loss of data
         C:\Users\david\Documents\Trackers\CrispyTracker\CrispyTracker-main\CrispyTrackerProject\CrispyTracker\Tracker.cpp(742,48): warning C4244: 'argument': conversion from 'double' to 'float', possible loss of data
         C:\Users\david\Documents\Trackers\CrispyTracker\CrispyTracker-main\CrispyTrackerProject\CrispyTracker\Tracker.cpp(756,46): warning C4244: 'argument': conversion from 'double' to 'float', possible loss of data
         C:\Users\david\Documents\Trackers\CrispyTracker\CrispyTracker-main\CrispyTrackerProject\CrispyTracker\Tracker.cpp(758,30): warning C4267: 'initializing': conversion from 'size_t' to 'int', possible loss of data
         C:\Users\david\Documents\Trackers\CrispyTracker\CrispyTracker-main\CrispyTrackerProject\CrispyTracker\Tracker.cpp(768,70): warning C4244: 'argument': conversion from 'double' to 'float', possible loss of data
         C:\Users\david\Documents\Trackers\CrispyTracker\CrispyTracker-main\CrispyTrackerProject\CrispyTracker\Tracker.cpp(784,41): warning C4267: '=': conversion from 'size_t' to 'int', possible loss of data
         C:\Users\david\Documents\Trackers\CrispyTracker\CrispyTracker-main\CrispyTrackerProject\CrispyTracker\Tracker.cpp(807,40): warning C4267: '=': conversion from 'size_t' to 'int', possible loss of data
         C:\Users\david\Documents\Trackers\CrispyTracker\CrispyTracker-main\CrispyTrackerProject\CrispyTracker\Tracker.cpp(809,77): warning C4244: 'argument': conversion from 'double' to 'float', possible loss of data
         C:\Users\david\Documents\Trackers\CrispyTracker\CrispyTracker-main\CrispyTrackerProject\CrispyTracker\Tracker.cpp(809,52): warning C4244: 'argument': conversion from 'double' to 'float', possible loss of data
         C:\Users\david\Documents\Trackers\CrispyTracker\CrispyTracker-main\CrispyTrackerProject\CrispyTracker\Tracker.cpp(822,175): warning C4244: 'argument': conversion from 'double' to 'float', possible loss of data
         C:\Users\david\Documents\Trackers\CrispyTracker\CrispyTracker-main\CrispyTrackerProject\CrispyTracker\Tracker.cpp(822,150): warning C4244: 'argument': conversion from 'double' to 'float', possible loss of data
         C:\Users\david\Documents\Trackers\CrispyTracker\CrispyTracker-main\CrispyTrackerProject\CrispyTracker\Tracker.cpp(822,181): warning C4267: 'argument': conversion from 'size_t' to 'int', possible loss of data
         C:\Users\david\Documents\Trackers\CrispyTracker\CrispyTracker-main\CrispyTrackerProject\CrispyTracker\Tracker.cpp(823,44): warning C4244: 'argument': conversion from 'double' to 'float', possible loss of data
         C:\Users\david\Documents\Trackers\CrispyTracker\CrispyTracker-main\CrispyTrackerProject\CrispyTracker\Tracker.cpp(903,110): warning C4244: 'argument': conversion from 'double' to 'float', possible loss of data
         C:\Users\david\Documents\Trackers\CrispyTracker\CrispyTracker-main\CrispyTrackerProject\CrispyTracker\Tracker.cpp(903,84): warning C4244: 'argument': conversion from 'double' to 'float', possible loss of data
         C:\Users\david\Documents\Trackers\CrispyTracker\CrispyTracker-main\CrispyTrackerProject\CrispyTracker\Tracker.cpp(929,44): warning C4244: 'argument': conversion from 'double' to 'float', possible loss of data
         C:\Users\david\Documents\Trackers\CrispyTracker\CrispyTracker-main\CrispyTrackerProject\CrispyTracker\Tracker.cpp(1163,21): warning C4244: 'initializing': conversion from 'sf_count_t' to 'Uint32', possible loss of data
         C:\Users\david\Documents\Trackers\CrispyTracker\CrispyTracker-main\CrispyTrackerProject\CrispyTracker\Tracker.cpp(1196,37): warning C4267: '=': conversion from 'size_t' to 'int', possible loss of data
         C:\Users\david\Documents\Trackers\CrispyTracker\CrispyTracker-main\CrispyTrackerProject\CrispyTracker\Tracker.cpp(1225,19): warning C4244: 'initializing': conversion from 'sf_count_t' to 'int', possible loss of data

    57 Warning(s)
    0 Error(s)

Time Elapsed 00:00:01.99
